Tagging run started: 2026-05-10T15:02:52
Transcript: C:\Users\Bhavy\Personal\Code\c26\transcripts\processed\transcript.txt
Output: C:\Users\Bhavy\Personal\Code\c26\transcripts\tagged\transcript2.txt
Window lines: 6
Dry run: False


===== STEP 00001 =====
You are detecting topic switches in a chess broadcast transcript.

Current active tag: stageSetting
Allowed next tags: stageSetting, breakRelated, uncertain, sindarov_esipenko, bluebaum_wei, praggnanandhaa_giri, caruana_nakamura, divya_anna_muzychuk, vaishali_bibisara, goryachkina_lagno, zhu_tan

Game tags:
- sindarov_esipenko: Open: Javokhir Sindarov vs Andrey Esipenko. Hints: Sindarov, Javokhir, Esipenko, Andrey.
- bluebaum_wei: Open: Matthias Bluebaum vs Wei Yi. Hints: Bluebaum, Matthias, Wei, Wei Yi.
- praggnanandhaa_giri: Open: Praggnanandhaa R. vs Anish Giri. Hints: Pragg, Praggnanandhaa, Giri, Anish.
- caruana_nakamura: Open: Fabiano Caruana vs Hikaru Nakamura. Hints: Fabi, Fabio, Fabiano, Caruana, Hikaru, Nakamura.
- divya_anna_muzychuk: Women: Divya Deshmukh vs Anna Muzychuk. Hints: Divya, Deshmukh, Anna Muzychuk, Anna.
- vaishali_bibisara: Women: Vaishali Rameshbabu vs Bibisara Assaubayeva. Hints: Vaishali, Rameshbabu, Bibisara, Assaubayeva.
- goryachkina_lagno: Women: Aleksandra Goryachkina vs Kateryna Lagno. Hints: Goryachkina, Aleksandra, Lagno, Kateryna.
- zhu_tan: Women: Zhu Jiner vs Tan Zhongyi. Hints: Zhu, Jiner, Tan, Zhongyi.

Previous few lines, for continuity only:
(none)

Current 6 lines:
[00:02:22 - 00:02:26] Welcome to the 2026 FIDE Candidates.

[00:02:26 - 00:02:29] I'm joined by our two commentators of the event,

[00:02:29 - 00:02:34] Grandmasters Peter Spidler and Grandmaster Jan Gustafsson.


Task:
Decide whether these current lines explicitly switch away from the current active tag.

Very important rules:
- Usually answer STAY.
- Only switch to a game when the commentators clearly move to that CURRENT ROUND game, e.g. "let's look at Zhu Jiner's game", "on the Caruana-Nakamura board", "Fabi has played d4", "here is Divya against Anna".
- Use SWITCH_TO=uncertain ONLY when a board switch definitely happened, but the new board/game is not identifiable yet.
- Strong uncertain-switch clues include: "let us look at the remaining positions", "let's check the other boards", "let's go to another board", "let's look at this board", "on this board" immediately after leaving another game, or "around the hall".
- Do NOT use uncertain merely because the commentators are discussing general ideas, player psychology, clock pressure, old games, preparation, openings, or plans while still inside the same game. In those cases answer STAY.
- If people are talking between moves inside the current game and there is no explicit switch cue, answer STAY.
- While tag is uncertain, switch to a concrete game only after a player, pairing, board, or unmistakable current-game clue appears. Otherwise answer STAY.
- Do NOT switch merely because a player or opening is mentioned as history, comparison, preparation, or an old game. Example: if the active game is Giri-Sindarov and they mention "Pragg-Caruana last year", answer STAY.
- If the current tag is breakRelated, stay breakRelated until a clear return such as "welcome back", "we are back", or return to board commentary.
- Once stageSetting is over, stageSetting is not allowed.
- stageSetting ends only on clear liftoff/kickoff/first move/board shown/concrete current game clues.
- Breaks start on clear telegraphs like "quick break", "take a break", "we'll be back", "after the break".

Output exactly one line:
STAY
or
SWITCH_TO=<one allowed tag>

--- RESPONSE ---
STAY
--- END STEP ---


===== STEP 00002 =====
You are detecting topic switches in a chess broadcast transcript.

Current active tag: stageSetting
Allowed next tags: stageSetting, breakRelated, uncertain, sindarov_esipenko, bluebaum_wei, praggnanandhaa_giri, caruana_nakamura, divya_anna_muzychuk, vaishali_bibisara, goryachkina_lagno, zhu_tan

Game tags:
- sindarov_esipenko: Open: Javokhir Sindarov vs Andrey Esipenko. Hints: Sindarov, Javokhir, Esipenko, Andrey.
- bluebaum_wei: Open: Matthias Bluebaum vs Wei Yi. Hints: Bluebaum, Matthias, Wei, Wei Yi.
- praggnanandhaa_giri: Open: Praggnanandhaa R. vs Anish Giri. Hints: Pragg, Praggnanandhaa, Giri, Anish.
- caruana_nakamura: Open: Fabiano Caruana vs Hikaru Nakamura. Hints: Fabi, Fabio, Fabiano, Caruana, Hikaru, Nakamura.
- divya_anna_muzychuk: Women: Divya Deshmukh vs Anna Muzychuk. Hints: Divya, Deshmukh, Anna Muzychuk, Anna.
- vaishali_bibisara: Women: Vaishali Rameshbabu vs Bibisara Assaubayeva. Hints: Vaishali, Rameshbabu, Bibisara, Assaubayeva.
- goryachkina_lagno: Women: Aleksandra Goryachkina vs Kateryna Lagno. Hints: Goryachkina, Aleksandra, Lagno, Kateryna.
- zhu_tan: Women: Zhu Jiner vs Tan Zhongyi. Hints: Zhu, Jiner, Tan, Zhongyi.

Previous few lines, for continuity only:
[00:02:22 - 00:02:26] Welcome to the 2026 FIDE Candidates.

[00:02:26 - 00:02:29] I'm joined by our two commentators of the event,

[00:02:29 - 00:02:34] Grandmasters Peter Spidler and Grandmaster Jan Gustafsson.


Current 6 lines:
[00:02:34 - 00:02:36] Guys, how do you feel about this event?

[00:02:36 - 00:02:41] I've got nothing. This is a beautiful place.

[00:02:41 - 00:02:44] We have a chess tournament that's serious.


Task:
Decide whether these current lines explicitly switch away from the current active tag.

Very important rules:
- Usually answer STAY.
- Only switch to a game when the commentators clearly move to that CURRENT ROUND game, e.g. "let's look at Zhu Jiner's game", "on the Caruana-Nakamura board", "Fabi has played d4", "here is Divya against Anna".
- Use SWITCH_TO=uncertain ONLY when a board switch definitely happened, but the new board/game is not identifiable yet.
- Strong uncertain-switch clues include: "let us look at the remaining positions", "let's check the other boards", "let's go to another board", "let's look at this board", "on this board" immediately after leaving another game, or "around the hall".
- Do NOT use uncertain merely because the commentators are discussing general ideas, player psychology, clock pressure, old games, preparation, openings, or plans while still inside the same game. In those cases answer STAY.
- If people are talking between moves inside the current game and there is no explicit switch cue, answer STAY.
- While tag is uncertain, switch to a concrete game only after a player, pairing, board, or unmistakable current-game clue appears. Otherwise answer STAY.
- Do NOT switch merely because a player or opening is mentioned as history, comparison, preparation, or an old game. Example: if the active game is Giri-Sindarov and they mention "Pragg-Caruana last year", answer STAY.
- If the current tag is breakRelated, stay breakRelated until a clear return such as "welcome back", "we are back", or return to board commentary.
- Once stageSetting is over, stageSetting is not allowed.
- stageSetting ends only on clear liftoff/kickoff/first move/board shown/concrete current game clues.
- Breaks start on clear telegraphs like "quick break", "take a break", "we'll be back", "after the break".

Output exactly one line:
STAY
or
SWITCH_TO=<one allowed tag>

--- RESPONSE ---
STAY
--- END STEP ---


===== STEP 00003 =====
You are detecting topic switches in a chess broadcast transcript.

Current active tag: stageSetting
Allowed next tags: stageSetting, breakRelated, uncertain, sindarov_esipenko, bluebaum_wei, praggnanandhaa_giri, caruana_nakamura, divya_anna_muzychuk, vaishali_bibisara, goryachkina_lagno, zhu_tan

Game tags:
- sindarov_esipenko: Open: Javokhir Sindarov vs Andrey Esipenko. Hints: Sindarov, Javokhir, Esipenko, Andrey.
- bluebaum_wei: Open: Matthias Bluebaum vs Wei Yi. Hints: Bluebaum, Matthias, Wei, Wei Yi.
- praggnanandhaa_giri: Open: Praggnanandhaa R. vs Anish Giri. Hints: Pragg, Praggnanandhaa, Giri, Anish.
- caruana_nakamura: Open: Fabiano Caruana vs Hikaru Nakamura. Hints: Fabi, Fabio, Fabiano, Caruana, Hikaru, Nakamura.
- divya_anna_muzychuk: Women: Divya Deshmukh vs Anna Muzychuk. Hints: Divya, Deshmukh, Anna Muzychuk, Anna.
- vaishali_bibisara: Women: Vaishali Rameshbabu vs Bibisara Assaubayeva. Hints: Vaishali, Rameshbabu, Bibisara, Assaubayeva.
- goryachkina_lagno: Women: Aleksandra Goryachkina vs Kateryna Lagno. Hints: Goryachkina, Aleksandra, Lagno, Kateryna.
- zhu_tan: Women: Zhu Jiner vs Tan Zhongyi. Hints: Zhu, Jiner, Tan, Zhongyi.

Previous few lines, for continuity only:
[00:02:29 - 00:02:34] Grandmasters Peter Spidler and Grandmaster Jan Gustafsson.

[00:02:34 - 00:02:36] Guys, how do you feel about this event?

[00:02:36 - 00:02:41] I've got nothing. This is a beautiful place.

[00:02:41 - 00:02:44] We have a chess tournament that's serious.


Current 6 lines:
[00:02:44 - 00:02:47] We have two chess tournaments that matter.

[00:02:47 - 00:02:49] We have the World Championship match and this one.

[00:02:49 - 00:02:52] Then there's all the noise around it.


Task:
Decide whether these current lines explicitly switch away from the current active tag.

Very important rules:
- Usually answer STAY.
- Only switch to a game when the commentators clearly move to that CURRENT ROUND game, e.g. "let's look at Zhu Jiner's game", "on the Caruana-Nakamura board", "Fabi has played d4", "here is Divya against Anna".
- Use SWITCH_TO=uncertain ONLY when a board switch definitely happened, but the new board/game is not identifiable yet.
- Strong uncertain-switch clues include: "let us look at the remaining positions", "let's check the other boards", "let's go to another board", "let's look at this board", "on this board" immediately after leaving another game, or "around the hall".
- Do NOT use uncertain merely because the commentators are discussing general ideas, player psychology, clock pressure, old games, preparation, openings, or plans while still inside the same game. In those cases answer STAY.
- If people are talking between moves inside the current game and there is no explicit switch cue, answer STAY.
- While tag is uncertain, switch to a concrete game only after a player, pairing, board, or unmistakable current-game clue appears. Otherwise answer STAY.
- Do NOT switch merely because a player or opening is mentioned as history, comparison, preparation, or an old game. Example: if the active game is Giri-Sindarov and they mention "Pragg-Caruana last year", answer STAY.
- If the current tag is breakRelated, stay breakRelated until a clear return such as "welcome back", "we are back", or return to board commentary.
- Once stageSetting is over, stageSetting is not allowed.
- stageSetting ends only on clear liftoff/kickoff/first move/board shown/concrete current game clues.
- Breaks start on clear telegraphs like "quick break", "take a break", "we'll be back", "after the break".

Output exactly one line:
STAY
or
SWITCH_TO=<one allowed tag>

--- RESPONSE ---
STAY
--- END STEP ---


===== STEP 00004 =====
You are detecting topic switches in a chess broadcast transcript.

Current active tag: stageSetting
Allowed next tags: stageSetting, breakRelated, uncertain, sindarov_esipenko, bluebaum_wei, praggnanandhaa_giri, caruana_nakamura, divya_anna_muzychuk, vaishali_bibisara, goryachkina_lagno, zhu_tan

Game tags:
- sindarov_esipenko: Open: Javokhir Sindarov vs Andrey Esipenko. Hints: Sindarov, Javokhir, Esipenko, Andrey.
- bluebaum_wei: Open: Matthias Bluebaum vs Wei Yi. Hints: Bluebaum, Matthias, Wei, Wei Yi.
- praggnanandhaa_giri: Open: Praggnanandhaa R. vs Anish Giri. Hints: Pragg, Praggnanandhaa, Giri, Anish.
- caruana_nakamura: Open: Fabiano Caruana vs Hikaru Nakamura. Hints: Fabi, Fabio, Fabiano, Caruana, Hikaru, Nakamura.
- divya_anna_muzychuk: Women: Divya Deshmukh vs Anna Muzychuk. Hints: Divya, Deshmukh, Anna Muzychuk, Anna.
- vaishali_bibisara: Women: Vaishali Rameshbabu vs Bibisara Assaubayeva. Hints: Vaishali, Rameshbabu, Bibisara, Assaubayeva.
- goryachkina_lagno: Women: Aleksandra Goryachkina vs Kateryna Lagno. Hints: Goryachkina, Aleksandra, Lagno, Kateryna.
- zhu_tan: Women: Zhu Jiner vs Tan Zhongyi. Hints: Zhu, Jiner, Tan, Zhongyi.

Previous few lines, for continuity only:
[00:02:41 - 00:02:44] We have a chess tournament that's serious.

[00:02:44 - 00:02:47] We have two chess tournaments that matter.

[00:02:47 - 00:02:49] We have the World Championship match and this one.

[00:02:49 - 00:02:52] Then there's all the noise around it.


Current 6 lines:
[00:02:52 - 00:02:56] It's such a pleasure to be here and stakes being high.

[00:02:56 - 00:02:58] I'm excited for my tournaments.

[00:02:58 - 00:03:02] I've always loved these tournaments.


Task:
Decide whether these current lines explicitly switch away from the current active tag.

Very important rules:
- Usually answer STAY.
- Only switch to a game when the commentators clearly move to that CURRENT ROUND game, e.g. "let's look at Zhu Jiner's game", "on the Caruana-Nakamura board", "Fabi has played d4", "here is Divya against Anna".
- Use SWITCH_TO=uncertain ONLY when a board switch definitely happened, but the new board/game is not identifiable yet.
- Strong uncertain-switch clues include: "let us look at the remaining positions", "let's check the other boards", "let's go to another board", "let's look at this board", "on this board" immediately after leaving another game, or "around the hall".
- Do NOT use uncertain merely because the commentators are discussing general ideas, player psychology, clock pressure, old games, preparation, openings, or plans while still inside the same game. In those cases answer STAY.
- If people are talking between moves inside the current game and there is no explicit switch cue, answer STAY.
- While tag is uncertain, switch to a concrete game only after a player, pairing, board, or unmistakable current-game clue appears. Otherwise answer STAY.
- Do NOT switch merely because a player or opening is mentioned as history, comparison, preparation, or an old game. Example: if the active game is Giri-Sindarov and they mention "Pragg-Caruana last year", answer STAY.
- If the current tag is breakRelated, stay breakRelated until a clear return such as "welcome back", "we are back", or return to board commentary.
- Once stageSetting is over, stageSetting is not allowed.
- stageSetting ends only on clear liftoff/kickoff/first move/board shown/concrete current game clues.
- Breaks start on clear telegraphs like "quick break", "take a break", "we'll be back", "after the break".

Output exactly one line:
STAY
or
SWITCH_TO=<one allowed tag>

--- RESPONSE ---
STAY
--- END STEP ---


===== STEP 00005 =====
You are detecting topic switches in a chess broadcast transcript.

Current active tag: stageSetting
Allowed next tags: stageSetting, breakRelated, uncertain, sindarov_esipenko, bluebaum_wei, praggnanandhaa_giri, caruana_nakamura, divya_anna_muzychuk, vaishali_bibisara, goryachkina_lagno, zhu_tan

Game tags:
- sindarov_esipenko: Open: Javokhir Sindarov vs Andrey Esipenko. Hints: Sindarov, Javokhir, Esipenko, Andrey.
- bluebaum_wei: Open: Matthias Bluebaum vs Wei Yi. Hints: Bluebaum, Matthias, Wei, Wei Yi.
- praggnanandhaa_giri: Open: Praggnanandhaa R. vs Anish Giri. Hints: Pragg, Praggnanandhaa, Giri, Anish.
- caruana_nakamura: Open: Fabiano Caruana vs Hikaru Nakamura. Hints: Fabi, Fabio, Fabiano, Caruana, Hikaru, Nakamura.
- divya_anna_muzychuk: Women: Divya Deshmukh vs Anna Muzychuk. Hints: Divya, Deshmukh, Anna Muzychuk, Anna.
- vaishali_bibisara: Women: Vaishali Rameshbabu vs Bibisara Assaubayeva. Hints: Vaishali, Rameshbabu, Bibisara, Assaubayeva.
- goryachkina_lagno: Women: Aleksandra Goryachkina vs Kateryna Lagno. Hints: Goryachkina, Aleksandra, Lagno, Kateryna.
- zhu_tan: Women: Zhu Jiner vs Tan Zhongyi. Hints: Zhu, Jiner, Tan, Zhongyi.

Previous few lines, for continuity only:
[00:02:49 - 00:02:52] Then there's all the noise around it.

[00:02:52 - 00:02:56] It's such a pleasure to be here and stakes being high.

[00:02:56 - 00:02:58] I'm excited for my tournaments.

[00:02:58 - 00:03:02] I've always loved these tournaments.


Current 6 lines:
[00:03:02 - 00:03:04] There's always something to enjoy.

[00:03:04 - 00:03:06] There's always so many storylines.

[00:03:06 - 00:03:07] The field this year, in particular,


Task:
Decide whether these current lines explicitly switch away from the current active tag.

Very important rules:
- Usually answer STAY.
- Only switch to a game when the commentators clearly move to that CURRENT ROUND game, e.g. "let's look at Zhu Jiner's game", "on the Caruana-Nakamura board", "Fabi has played d4", "here is Divya against Anna".
- Use SWITCH_TO=uncertain ONLY when a board switch definitely happened, but the new board/game is not identifiable yet.
- Strong uncertain-switch clues include: "let us look at the remaining positions", "let's check the other boards", "let's go to another board", "let's look at this board", "on this board" immediately after leaving another game, or "around the hall".
- Do NOT use uncertain merely because the commentators are discussing general ideas, player psychology, clock pressure, old games, preparation, openings, or plans while still inside the same game. In those cases answer STAY.
- If people are talking between moves inside the current game and there is no explicit switch cue, answer STAY.
- While tag is uncertain, switch to a concrete game only after a player, pairing, board, or unmistakable current-game clue appears. Otherwise answer STAY.
- Do NOT switch merely because a player or opening is mentioned as history, comparison, preparation, or an old game. Example: if the active game is Giri-Sindarov and they mention "Pragg-Caruana last year", answer STAY.
- If the current tag is breakRelated, stay breakRelated until a clear return such as "welcome back", "we are back", or return to board commentary.
- Once stageSetting is over, stageSetting is not allowed.
- stageSetting ends only on clear liftoff/kickoff/first move/board shown/concrete current game clues.
- Breaks start on clear telegraphs like "quick break", "take a break", "we'll be back", "after the break".

Output exactly one line:
STAY
or
SWITCH_TO=<one allowed tag>

--- RESPONSE ---
STAY
--- END STEP ---


===== STEP 00006 =====
You are detecting topic switches in a chess broadcast transcript.

Current active tag: stageSetting
Allowed next tags: stageSetting, breakRelated, uncertain, sindarov_esipenko, bluebaum_wei, praggnanandhaa_giri, caruana_nakamura, divya_anna_muzychuk, vaishali_bibisara, goryachkina_lagno, zhu_tan

Game tags:
- sindarov_esipenko: Open: Javokhir Sindarov vs Andrey Esipenko. Hints: Sindarov, Javokhir, Esipenko, Andrey.
- bluebaum_wei: Open: Matthias Bluebaum vs Wei Yi. Hints: Bluebaum, Matthias, Wei, Wei Yi.
- praggnanandhaa_giri: Open: Praggnanandhaa R. vs Anish Giri. Hints: Pragg, Praggnanandhaa, Giri, Anish.
- caruana_nakamura: Open: Fabiano Caruana vs Hikaru Nakamura. Hints: Fabi, Fabio, Fabiano, Caruana, Hikaru, Nakamura.
- divya_anna_muzychuk: Women: Divya Deshmukh vs Anna Muzychuk. Hints: Divya, Deshmukh, Anna Muzychuk, Anna.
- vaishali_bibisara: Women: Vaishali Rameshbabu vs Bibisara Assaubayeva. Hints: Vaishali, Rameshbabu, Bibisara, Assaubayeva.
- goryachkina_lagno: Women: Aleksandra Goryachkina vs Kateryna Lagno. Hints: Goryachkina, Aleksandra, Lagno, Kateryna.
- zhu_tan: Women: Zhu Jiner vs Tan Zhongyi. Hints: Zhu, Jiner, Tan, Zhongyi.

Previous few lines, for continuity only:
[00:02:58 - 00:03:02] I've always loved these tournaments.

[00:03:02 - 00:03:04] There's always something to enjoy.

[00:03:04 - 00:03:06] There's always so many storylines.

[00:03:06 - 00:03:07] The field this year, in particular,


Current 6 lines:
[00:03:07 - 00:03:15] I feel we've not had a field as open as we seem to have this year.

[00:03:15 - 00:03:18] I've always enjoyed it for me.

[00:03:18 - 00:03:22] I'm always glued to the screen even if I'm not doing anything


Task:
Decide whether these current lines explicitly switch away from the current active tag.

Very important rules:
- Usually answer STAY.
- Only switch to a game when the commentators clearly move to that CURRENT ROUND game, e.g. "let's look at Zhu Jiner's game", "on the Caruana-Nakamura board", "Fabi has played d4", "here is Divya against Anna".
- Use SWITCH_TO=uncertain ONLY when a board switch definitely happened, but the new board/game is not identifiable yet.
- Strong uncertain-switch clues include: "let us look at the remaining positions", "let's check the other boards", "let's go to another board", "let's look at this board", "on this board" immediately after leaving another game, or "around the hall".
- Do NOT use uncertain merely because the commentators are discussing general ideas, player psychology, clock pressure, old games, preparation, openings, or plans while still inside the same game. In those cases answer STAY.
- If people are talking between moves inside the current game and there is no explicit switch cue, answer STAY.
- While tag is uncertain, switch to a concrete game only after a player, pairing, board, or unmistakable current-game clue appears. Otherwise answer STAY.
- Do NOT switch merely because a player or opening is mentioned as history, comparison, preparation, or an old game. Example: if the active game is Giri-Sindarov and they mention "Pragg-Caruana last year", answer STAY.
- If the current tag is breakRelated, stay breakRelated until a clear return such as "welcome back", "we are back", or return to board commentary.
- Once stageSetting is over, stageSetting is not allowed.
- stageSetting ends only on clear liftoff/kickoff/first move/board shown/concrete current game clues.
- Breaks start on clear telegraphs like "quick break", "take a break", "we'll be back", "after the break".

Output exactly one line:
STAY
or
SWITCH_TO=<one allowed tag>

--- RESPONSE ---
STAY
--- END STEP ---


===== STEP 00007 =====
You are detecting topic switches in a chess broadcast transcript.

Current active tag: stageSetting
Allowed next tags: stageSetting, breakRelated, uncertain, sindarov_esipenko, bluebaum_wei, praggnanandhaa_giri, caruana_nakamura, divya_anna_muzychuk, vaishali_bibisara, goryachkina_lagno, zhu_tan

Game tags:
- sindarov_esipenko: Open: Javokhir Sindarov vs Andrey Esipenko. Hints: Sindarov, Javokhir, Esipenko, Andrey.
- bluebaum_wei: Open: Matthias Bluebaum vs Wei Yi. Hints: Bluebaum, Matthias, Wei, Wei Yi.
- praggnanandhaa_giri: Open: Praggnanandhaa R. vs Anish Giri. Hints: Pragg, Praggnanandhaa, Giri, Anish.
- caruana_nakamura: Open: Fabiano Caruana vs Hikaru Nakamura. Hints: Fabi, Fabio, Fabiano, Caruana, Hikaru, Nakamura.
- divya_anna_muzychuk: Women: Divya Deshmukh vs Anna Muzychuk. Hints: Divya, Deshmukh, Anna Muzychuk, Anna.
- vaishali_bibisara: Women: Vaishali Rameshbabu vs Bibisara Assaubayeva. Hints: Vaishali, Rameshbabu, Bibisara, Assaubayeva.
- goryachkina_lagno: Women: Aleksandra Goryachkina vs Kateryna Lagno. Hints: Goryachkina, Aleksandra, Lagno, Kateryna.
- zhu_tan: Women: Zhu Jiner vs Tan Zhongyi. Hints: Zhu, Jiner, Tan, Zhongyi.

Previous few lines, for continuity only:
[00:03:06 - 00:03:07] The field this year, in particular,

[00:03:07 - 00:03:15] I feel we've not had a field as open as we seem to have this year.

[00:03:15 - 00:03:18] I've always enjoyed it for me.

[00:03:18 - 00:03:22] I'm always glued to the screen even if I'm not doing anything


Current 6 lines:
[00:03:22 - 00:03:23] to do with the event.

[00:03:23 - 00:03:25] You're always glued to the screen.

[00:03:25 - 00:03:27] I am very much glued to the screen regardless.


Task:
Decide whether these current lines explicitly switch away from the current active tag.

Very important rules:
- Usually answer STAY.
- Only switch to a game when the commentators clearly move to that CURRENT ROUND game, e.g. "let's look at Zhu Jiner's game", "on the Caruana-Nakamura board", "Fabi has played d4", "here is Divya against Anna".
- Use SWITCH_TO=uncertain ONLY when a board switch definitely happened, but the new board/game is not identifiable yet.
- Strong uncertain-switch clues include: "let us look at the remaining positions", "let's check the other boards", "let's go to another board", "let's look at this board", "on this board" immediately after leaving another game, or "around the hall".
- Do NOT use uncertain merely because the commentators are discussing general ideas, player psychology, clock pressure, old games, preparation, openings, or plans while still inside the same game. In those cases answer STAY.
- If people are talking between moves inside the current game and there is no explicit switch cue, answer STAY.
- While tag is uncertain, switch to a concrete game only after a player, pairing, board, or unmistakable current-game clue appears. Otherwise answer STAY.
- Do NOT switch merely because a player or opening is mentioned as history, comparison, preparation, or an old game. Example: if the active game is Giri-Sindarov and they mention "Pragg-Caruana last year", answer STAY.
- If the current tag is breakRelated, stay breakRelated until a clear return such as "welcome back", "we are back", or return to board commentary.
- Once stageSetting is over, stageSetting is not allowed.
- stageSetting ends only on clear liftoff/kickoff/first move/board shown/concrete current game clues.
- Breaks start on clear telegraphs like "quick break", "take a break", "we'll be back", "after the break".

Output exactly one line:
STAY
or
SWITCH_TO=<one allowed tag>

--- RESPONSE ---
STAY
--- END STEP ---


===== STEP 00008 =====
You are detecting topic switches in a chess broadcast transcript.

Current active tag: stageSetting
Allowed next tags: stageSetting, breakRelated, uncertain, sindarov_esipenko, bluebaum_wei, praggnanandhaa_giri, caruana_nakamura, divya_anna_muzychuk, vaishali_bibisara, goryachkina_lagno, zhu_tan

Game tags:
- sindarov_esipenko: Open: Javokhir Sindarov vs Andrey Esipenko. Hints: Sindarov, Javokhir, Esipenko, Andrey.
- bluebaum_wei: Open: Matthias Bluebaum vs Wei Yi. Hints: Bluebaum, Matthias, Wei, Wei Yi.
- praggnanandhaa_giri: Open: Praggnanandhaa R. vs Anish Giri. Hints: Pragg, Praggnanandhaa, Giri, Anish.
- caruana_nakamura: Open: Fabiano Caruana vs Hikaru Nakamura. Hints: Fabi, Fabio, Fabiano, Caruana, Hikaru, Nakamura.
- divya_anna_muzychuk: Women: Divya Deshmukh vs Anna Muzychuk. Hints: Divya, Deshmukh, Anna Muzychuk, Anna.
- vaishali_bibisara: Women: Vaishali Rameshbabu vs Bibisara Assaubayeva. Hints: Vaishali, Rameshbabu, Bibisara, Assaubayeva.
- goryachkina_lagno: Women: Aleksandra Goryachkina vs Kateryna Lagno. Hints: Goryachkina, Aleksandra, Lagno, Kateryna.
- zhu_tan: Women: Zhu Jiner vs Tan Zhongyi. Hints: Zhu, Jiner, Tan, Zhongyi.

Previous few lines, for continuity only:
[00:03:18 - 00:03:22] I'm always glued to the screen even if I'm not doing anything

[00:03:22 - 00:03:23] to do with the event.

[00:03:23 - 00:03:25] You're always glued to the screen.

[00:03:25 - 00:03:27] I am very much glued to the screen regardless.


Current 6 lines:
[00:03:27 - 00:03:33] That is maybe not as much a point of pride as I'm making it out to be.

[00:03:33 - 00:03:39] I'm very happy to be here and to watch it live and to comment on it.

[00:03:39 - 00:03:43] One of the big storylines running is we have this younger generation,


Task:
Decide whether these current lines explicitly switch away from the current active tag.

Very important rules:
- Usually answer STAY.
- Only switch to a game when the commentators clearly move to that CURRENT ROUND game, e.g. "let's look at Zhu Jiner's game", "on the Caruana-Nakamura board", "Fabi has played d4", "here is Divya against Anna".
- Use SWITCH_TO=uncertain ONLY when a board switch definitely happened, but the new board/game is not identifiable yet.
- Strong uncertain-switch clues include: "let us look at the remaining positions", "let's check the other boards", "let's go to another board", "let's look at this board", "on this board" immediately after leaving another game, or "around the hall".
- Do NOT use uncertain merely because the commentators are discussing general ideas, player psychology, clock pressure, old games, preparation, openings, or plans while still inside the same game. In those cases answer STAY.
- If people are talking between moves inside the current game and there is no explicit switch cue, answer STAY.
- While tag is uncertain, switch to a concrete game only after a player, pairing, board, or unmistakable current-game clue appears. Otherwise answer STAY.
- Do NOT switch merely because a player or opening is mentioned as history, comparison, preparation, or an old game. Example: if the active game is Giri-Sindarov and they mention "Pragg-Caruana last year", answer STAY.
- If the current tag is breakRelated, stay breakRelated until a clear return such as "welcome back", "we are back", or return to board commentary.
- Once stageSetting is over, stageSetting is not allowed.
- stageSetting ends only on clear liftoff/kickoff/first move/board shown/concrete current game clues.
- Breaks start on clear telegraphs like "quick break", "take a break", "we'll be back", "after the break".

Output exactly one line:
STAY
or
SWITCH_TO=<one allowed tag>

--- RESPONSE ---
SWITCH_TO=uncertain
--- END STEP ---


===== STEP 00009 =====
You are detecting topic switches in a chess broadcast transcript.

Current active tag: uncertain
Allowed next tags: breakRelated, uncertain, sindarov_esipenko, bluebaum_wei, praggnanandhaa_giri, caruana_nakamura, divya_anna_muzychuk, vaishali_bibisara, goryachkina_lagno, zhu_tan

Game tags:
- sindarov_esipenko: Open: Javokhir Sindarov vs Andrey Esipenko. Hints: Sindarov, Javokhir, Esipenko, Andrey.
- bluebaum_wei: Open: Matthias Bluebaum vs Wei Yi. Hints: Bluebaum, Matthias, Wei, Wei Yi.
- praggnanandhaa_giri: Open: Praggnanandhaa R. vs Anish Giri. Hints: Pragg, Praggnanandhaa, Giri, Anish.
- caruana_nakamura: Open: Fabiano Caruana vs Hikaru Nakamura. Hints: Fabi, Fabio, Fabiano, Caruana, Hikaru, Nakamura.
- divya_anna_muzychuk: Women: Divya Deshmukh vs Anna Muzychuk. Hints: Divya, Deshmukh, Anna Muzychuk, Anna.
- vaishali_bibisara: Women: Vaishali Rameshbabu vs Bibisara Assaubayeva. Hints: Vaishali, Rameshbabu, Bibisara, Assaubayeva.
- goryachkina_lagno: Women: Aleksandra Goryachkina vs Kateryna Lagno. Hints: Goryachkina, Aleksandra, Lagno, Kateryna.
- zhu_tan: Women: Zhu Jiner vs Tan Zhongyi. Hints: Zhu, Jiner, Tan, Zhongyi.

Previous few lines, for continuity only:
[00:03:25 - 00:03:27] I am very much glued to the screen regardless.

[00:03:27 - 00:03:33] That is maybe not as much a point of pride as I'm making it out to be.

[00:03:33 - 00:03:39] I'm very happy to be here and to watch it live and to comment on it.

[00:03:39 - 00:03:43] One of the big storylines running is we have this younger generation,


Current 6 lines:
[00:03:43 - 00:03:48] this 26-and-below for half of the open field

[00:03:48 - 00:03:52] and then this 26-year-old and above for the rest of the field.

[00:03:52 - 00:03:56] How do you guys think of that when approaching this?


Task:
Decide whether these current lines explicitly switch away from the current active tag.

Very important rules:
- Usually answer STAY.
- Only switch to a game when the commentators clearly move to that CURRENT ROUND game, e.g. "let's look at Zhu Jiner's game", "on the Caruana-Nakamura board", "Fabi has played d4", "here is Divya against Anna".
- Use SWITCH_TO=uncertain ONLY when a board switch definitely happened, but the new board/game is not identifiable yet.
- Strong uncertain-switch clues include: "let us look at the remaining positions", "let's check the other boards", "let's go to another board", "let's look at this board", "on this board" immediately after leaving another game, or "around the hall".
- Do NOT use uncertain merely because the commentators are discussing general ideas, player psychology, clock pressure, old games, preparation, openings, or plans while still inside the same game. In those cases answer STAY.
- If people are talking between moves inside the current game and there is no explicit switch cue, answer STAY.
- While tag is uncertain, switch to a concrete game only after a player, pairing, board, or unmistakable current-game clue appears. Otherwise answer STAY.
- Do NOT switch merely because a player or opening is mentioned as history, comparison, preparation, or an old game. Example: if the active game is Giri-Sindarov and they mention "Pragg-Caruana last year", answer STAY.
- If the current tag is breakRelated, stay breakRelated until a clear return such as "welcome back", "we are back", or return to board commentary.
- Once stageSetting is over, stageSetting is not allowed.
- stageSetting ends only on clear liftoff/kickoff/first move/board shown/concrete current game clues.
- Breaks start on clear telegraphs like "quick break", "take a break", "we'll be back", "after the break".

Output exactly one line:
STAY
or
SWITCH_TO=<one allowed tag>

--- RESPONSE ---
SWITCH_TO=uncertain
--- END STEP ---


===== STEP 00010 =====
You are detecting topic switches in a chess broadcast transcript.

Current active tag: uncertain
Allowed next tags: breakRelated, uncertain, sindarov_esipenko, bluebaum_wei, praggnanandhaa_giri, caruana_nakamura, divya_anna_muzychuk, vaishali_bibisara, goryachkina_lagno, zhu_tan

Game tags:
- sindarov_esipenko: Open: Javokhir Sindarov vs Andrey Esipenko. Hints: Sindarov, Javokhir, Esipenko, Andrey.
- bluebaum_wei: Open: Matthias Bluebaum vs Wei Yi. Hints: Bluebaum, Matthias, Wei, Wei Yi.
- praggnanandhaa_giri: Open: Praggnanandhaa R. vs Anish Giri. Hints: Pragg, Praggnanandhaa, Giri, Anish.
- caruana_nakamura: Open: Fabiano Caruana vs Hikaru Nakamura. Hints: Fabi, Fabio, Fabiano, Caruana, Hikaru, Nakamura.
- divya_anna_muzychuk: Women: Divya Deshmukh vs Anna Muzychuk. Hints: Divya, Deshmukh, Anna Muzychuk, Anna.
- vaishali_bibisara: Women: Vaishali Rameshbabu vs Bibisara Assaubayeva. Hints: Vaishali, Rameshbabu, Bibisara, Assaubayeva.
- goryachkina_lagno: Women: Aleksandra Goryachkina vs Kateryna Lagno. Hints: Goryachkina, Aleksandra, Lagno, Kateryna.
- zhu_tan: Women: Zhu Jiner vs Tan Zhongyi. Hints: Zhu, Jiner, Tan, Zhongyi.

Previous few lines, for continuity only:
[00:03:39 - 00:03:43] One of the big storylines running is we have this younger generation,

[00:03:43 - 00:03:48] this 26-and-below for half of the open field

[00:03:48 - 00:03:52] and then this 26-year-old and above for the rest of the field.

[00:03:52 - 00:03:56] How do you guys think of that when approaching this?


Current 6 lines:
[00:03:56 - 00:03:59] Do the younger players have this advantage of maybe having more stamina

[00:03:59 - 00:04:02] or is it the experienced players that will have more of an advantage

[00:04:02 - 00:04:04] or does that matter at all?


Task:
Decide whether these current lines explicitly switch away from the current active tag.

Very important rules:
- Usually answer STAY.
- Only switch to a game when the commentators clearly move to that CURRENT ROUND game, e.g. "let's look at Zhu Jiner's game", "on the Caruana-Nakamura board", "Fabi has played d4", "here is Divya against Anna".
- Use SWITCH_TO=uncertain ONLY when a board switch definitely happened, but the new board/game is not identifiable yet.
- Strong uncertain-switch clues include: "let us look at the remaining positions", "let's check the other boards", "let's go to another board", "let's look at this board", "on this board" immediately after leaving another game, or "around the hall".
- Do NOT use uncertain merely because the commentators are discussing general ideas, player psychology, clock pressure, old games, preparation, openings, or plans while still inside the same game. In those cases answer STAY.
- If people are talking between moves inside the current game and there is no explicit switch cue, answer STAY.
- While tag is uncertain, switch to a concrete game only after a player, pairing, board, or unmistakable current-game clue appears. Otherwise answer STAY.
- Do NOT switch merely because a player or opening is mentioned as history, comparison, preparation, or an old game. Example: if the active game is Giri-Sindarov and they mention "Pragg-Caruana last year", answer STAY.
- If the current tag is breakRelated, stay breakRelated until a clear return such as "welcome back", "we are back", or return to board commentary.
- Once stageSetting is over, stageSetting is not allowed.
- stageSetting ends only on clear liftoff/kickoff/first move/board shown/concrete current game clues.
- Breaks start on clear telegraphs like "quick break", "take a break", "we'll be back", "after the break".

Output exactly one line:
STAY
or
SWITCH_TO=<one allowed tag>

--- RESPONSE ---
STAY
--- END STEP ---


===== STEP 00011 =====
You are detecting topic switches in a chess broadcast transcript.

Current active tag: uncertain
Allowed next tags: breakRelated, uncertain, sindarov_esipenko, bluebaum_wei, praggnanandhaa_giri, caruana_nakamura, divya_anna_muzychuk, vaishali_bibisara, goryachkina_lagno, zhu_tan

Game tags:
- sindarov_esipenko: Open: Javokhir Sindarov vs Andrey Esipenko. Hints: Sindarov, Javokhir, Esipenko, Andrey.
- bluebaum_wei: Open: Matthias Bluebaum vs Wei Yi. Hints: Bluebaum, Matthias, Wei, Wei Yi.
- praggnanandhaa_giri: Open: Praggnanandhaa R. vs Anish Giri. Hints: Pragg, Praggnanandhaa, Giri, Anish.
- caruana_nakamura: Open: Fabiano Caruana vs Hikaru Nakamura. Hints: Fabi, Fabio, Fabiano, Caruana, Hikaru, Nakamura.
- divya_anna_muzychuk: Women: Divya Deshmukh vs Anna Muzychuk. Hints: Divya, Deshmukh, Anna Muzychuk, Anna.
- vaishali_bibisara: Women: Vaishali Rameshbabu vs Bibisara Assaubayeva. Hints: Vaishali, Rameshbabu, Bibisara, Assaubayeva.
- goryachkina_lagno: Women: Aleksandra Goryachkina vs Kateryna Lagno. Hints: Goryachkina, Aleksandra, Lagno, Kateryna.
- zhu_tan: Women: Zhu Jiner vs Tan Zhongyi. Hints: Zhu, Jiner, Tan, Zhongyi.

Previous few lines, for continuity only:
[00:03:52 - 00:03:56] How do you guys think of that when approaching this?

[00:03:56 - 00:03:59] Do the younger players have this advantage of maybe having more stamina

[00:03:59 - 00:04:02] or is it the experienced players that will have more of an advantage

[00:04:02 - 00:04:04] or does that matter at all?


Current 6 lines:
[00:04:04 - 00:04:06] It does matter a great deal, I think, in this tournament.

[00:04:06 - 00:04:12] Stamina is maybe the one thing that often separates the winners from the non-winners.

[00:04:13 - 00:04:15] Weirdly, I think you actually...


Task:
Decide whether these current lines explicitly switch away from the current active tag.

Very important rules:
- Usually answer STAY.
- Only switch to a game when the commentators clearly move to that CURRENT ROUND game, e.g. "let's look at Zhu Jiner's game", "on the Caruana-Nakamura board", "Fabi has played d4", "here is Divya against Anna".
- Use SWITCH_TO=uncertain ONLY when a board switch definitely happened, but the new board/game is not identifiable yet.
- Strong uncertain-switch clues include: "let us look at the remaining positions", "let's check the other boards", "let's go to another board", "let's look at this board", "on this board" immediately after leaving another game, or "around the hall".
- Do NOT use uncertain merely because the commentators are discussing general ideas, player psychology, clock pressure, old games, preparation, openings, or plans while still inside the same game. In those cases answer STAY.
- If people are talking between moves inside the current game and there is no explicit switch cue, answer STAY.
- While tag is uncertain, switch to a concrete game only after a player, pairing, board, or unmistakable current-game clue appears. Otherwise answer STAY.
- Do NOT switch merely because a player or opening is mentioned as history, comparison, preparation, or an old game. Example: if the active game is Giri-Sindarov and they mention "Pragg-Caruana last year", answer STAY.
- If the current tag is breakRelated, stay breakRelated until a clear return such as "welcome back", "we are back", or return to board commentary.
- Once stageSetting is over, stageSetting is not allowed.
- stageSetting ends only on clear liftoff/kickoff/first move/board shown/concrete current game clues.
- Breaks start on clear telegraphs like "quick break", "take a break", "we'll be back", "after the break".

Output exactly one line:
STAY
or
SWITCH_TO=<one allowed tag>

--- RESPONSE ---
SWITCH_TO=uncertain
--- END STEP ---


===== STEP 00012 =====
You are detecting topic switches in a chess broadcast transcript.

Current active tag: uncertain
Allowed next tags: breakRelated, uncertain, sindarov_esipenko, bluebaum_wei, praggnanandhaa_giri, caruana_nakamura, divya_anna_muzychuk, vaishali_bibisara, goryachkina_lagno, zhu_tan

Game tags:
- sindarov_esipenko: Open: Javokhir Sindarov vs Andrey Esipenko. Hints: Sindarov, Javokhir, Esipenko, Andrey.
- bluebaum_wei: Open: Matthias Bluebaum vs Wei Yi. Hints: Bluebaum, Matthias, Wei, Wei Yi.
- praggnanandhaa_giri: Open: Praggnanandhaa R. vs Anish Giri. Hints: Pragg, Praggnanandhaa, Giri, Anish.
- caruana_nakamura: Open: Fabiano Caruana vs Hikaru Nakamura. Hints: Fabi, Fabio, Fabiano, Caruana, Hikaru, Nakamura.
- divya_anna_muzychuk: Women: Divya Deshmukh vs Anna Muzychuk. Hints: Divya, Deshmukh, Anna Muzychuk, Anna.
- vaishali_bibisara: Women: Vaishali Rameshbabu vs Bibisara Assaubayeva. Hints: Vaishali, Rameshbabu, Bibisara, Assaubayeva.
- goryachkina_lagno: Women: Aleksandra Goryachkina vs Kateryna Lagno. Hints: Goryachkina, Aleksandra, Lagno, Kateryna.
- zhu_tan: Women: Zhu Jiner vs Tan Zhongyi. Hints: Zhu, Jiner, Tan, Zhongyi.

Previous few lines, for continuity only:
[00:04:02 - 00:04:04] or does that matter at all?

[00:04:04 - 00:04:06] It does matter a great deal, I think, in this tournament.

[00:04:06 - 00:04:12] Stamina is maybe the one thing that often separates the winners from the non-winners.

[00:04:13 - 00:04:15] Weirdly, I think you actually...


Current 6 lines:
[00:04:15 - 00:04:18] I mean, it stops working after a certain point,

[00:04:18 - 00:04:23] but I find that you actually become sort of...

[00:04:23 - 00:04:28] There's more stamina in a 35-year-old than maybe in a 20-year-old.


Task:
Decide whether these current lines explicitly switch away from the current active tag.

Very important rules:
- Usually answer STAY.
- Only switch to a game when the commentators clearly move to that CURRENT ROUND game, e.g. "let's look at Zhu Jiner's game", "on the Caruana-Nakamura board", "Fabi has played d4", "here is Divya against Anna".
- Use SWITCH_TO=uncertain ONLY when a board switch definitely happened, but the new board/game is not identifiable yet.
- Strong uncertain-switch clues include: "let us look at the remaining positions", "let's check the other boards", "let's go to another board", "let's look at this board", "on this board" immediately after leaving another game, or "around the hall".
- Do NOT use uncertain merely because the commentators are discussing general ideas, player psychology, clock pressure, old games, preparation, openings, or plans while still inside the same game. In those cases answer STAY.
- If people are talking between moves inside the current game and there is no explicit switch cue, answer STAY.
- While tag is uncertain, switch to a concrete game only after a player, pairing, board, or unmistakable current-game clue appears. Otherwise answer STAY.
- Do NOT switch merely because a player or opening is mentioned as history, comparison, preparation, or an old game. Example: if the active game is Giri-Sindarov and they mention "Pragg-Caruana last year", answer STAY.
- If the current tag is breakRelated, stay breakRelated until a clear return such as "welcome back", "we are back", or return to board commentary.
- Once stageSetting is over, stageSetting is not allowed.
- stageSetting ends only on clear liftoff/kickoff/first move/board shown/concrete current game clues.
- Breaks start on clear telegraphs like "quick break", "take a break", "we'll be back", "after the break".

Output exactly one line:
STAY
or
SWITCH_TO=<one allowed tag>

--- RESPONSE ---
SWITCH_TO=uncertain
--- END STEP ---


===== STEP 00013 =====
You are detecting topic switches in a chess broadcast transcript.

Current active tag: uncertain
Allowed next tags: breakRelated, uncertain, sindarov_esipenko, bluebaum_wei, praggnanandhaa_giri, caruana_nakamura, divya_anna_muzychuk, vaishali_bibisara, goryachkina_lagno, zhu_tan

Game tags:
- sindarov_esipenko: Open: Javokhir Sindarov vs Andrey Esipenko. Hints: Sindarov, Javokhir, Esipenko, Andrey.
- bluebaum_wei: Open: Matthias Bluebaum vs Wei Yi. Hints: Bluebaum, Matthias, Wei, Wei Yi.
- praggnanandhaa_giri: Open: Praggnanandhaa R. vs Anish Giri. Hints: Pragg, Praggnanandhaa, Giri, Anish.
- caruana_nakamura: Open: Fabiano Caruana vs Hikaru Nakamura. Hints: Fabi, Fabio, Fabiano, Caruana, Hikaru, Nakamura.
- divya_anna_muzychuk: Women: Divya Deshmukh vs Anna Muzychuk. Hints: Divya, Deshmukh, Anna Muzychuk, Anna.
- vaishali_bibisara: Women: Vaishali Rameshbabu vs Bibisara Assaubayeva. Hints: Vaishali, Rameshbabu, Bibisara, Assaubayeva.
- goryachkina_lagno: Women: Aleksandra Goryachkina vs Kateryna Lagno. Hints: Goryachkina, Aleksandra, Lagno, Kateryna.
- zhu_tan: Women: Zhu Jiner vs Tan Zhongyi. Hints: Zhu, Jiner, Tan, Zhongyi.

Previous few lines, for continuity only:
[00:04:13 - 00:04:15] Weirdly, I think you actually...

[00:04:15 - 00:04:18] I mean, it stops working after a certain point,

[00:04:18 - 00:04:23] but I find that you actually become sort of...

[00:04:23 - 00:04:28] There's more stamina in a 35-year-old than maybe in a 20-year-old.


Current 6 lines:
[00:04:28 - 00:04:31] I don't know if you disagree with that, but my feeling is people actually...

[00:04:31 - 00:04:35] Like, you build that muscle, you know what works for you,

[00:04:35 - 00:04:40] you know how to pace yourself for a tournament as long as it's as difficult as this.


Task:
Decide whether these current lines explicitly switch away from the current active tag.

Very important rules:
- Usually answer STAY.
- Only switch to a game when the commentators clearly move to that CURRENT ROUND game, e.g. "let's look at Zhu Jiner's game", "on the Caruana-Nakamura board", "Fabi has played d4", "here is Divya against Anna".
- Use SWITCH_TO=uncertain ONLY when a board switch definitely happened, but the new board/game is not identifiable yet.
- Strong uncertain-switch clues include: "let us look at the remaining positions", "let's check the other boards", "let's go to another board", "let's look at this board", "on this board" immediately after leaving another game, or "around the hall".
- Do NOT use uncertain merely because the commentators are discussing general ideas, player psychology, clock pressure, old games, preparation, openings, or plans while still inside the same game. In those cases answer STAY.
- If people are talking between moves inside the current game and there is no explicit switch cue, answer STAY.
- While tag is uncertain, switch to a concrete game only after a player, pairing, board, or unmistakable current-game clue appears. Otherwise answer STAY.
- Do NOT switch merely because a player or opening is mentioned as history, comparison, preparation, or an old game. Example: if the active game is Giri-Sindarov and they mention "Pragg-Caruana last year", answer STAY.
- If the current tag is breakRelated, stay breakRelated until a clear return such as "welcome back", "we are back", or return to board commentary.
- Once stageSetting is over, stageSetting is not allowed.
- stageSetting ends only on clear liftoff/kickoff/first move/board shown/concrete current game clues.
- Breaks start on clear telegraphs like "quick break", "take a break", "we'll be back", "after the break".

Output exactly one line:
STAY
or
SWITCH_TO=<one allowed tag>

--- RESPONSE ---
STAY
--- END STEP ---


===== STEP 00014 =====
You are detecting topic switches in a chess broadcast transcript.

Current active tag: uncertain
Allowed next tags: breakRelated, uncertain, sindarov_esipenko, bluebaum_wei, praggnanandhaa_giri, caruana_nakamura, divya_anna_muzychuk, vaishali_bibisara, goryachkina_lagno, zhu_tan

Game tags:
- sindarov_esipenko: Open: Javokhir Sindarov vs Andrey Esipenko. Hints: Sindarov, Javokhir, Esipenko, Andrey.
- bluebaum_wei: Open: Matthias Bluebaum vs Wei Yi. Hints: Bluebaum, Matthias, Wei, Wei Yi.
- praggnanandhaa_giri: Open: Praggnanandhaa R. vs Anish Giri. Hints: Pragg, Praggnanandhaa, Giri, Anish.
- caruana_nakamura: Open: Fabiano Caruana vs Hikaru Nakamura. Hints: Fabi, Fabio, Fabiano, Caruana, Hikaru, Nakamura.
- divya_anna_muzychuk: Women: Divya Deshmukh vs Anna Muzychuk. Hints: Divya, Deshmukh, Anna Muzychuk, Anna.
- vaishali_bibisara: Women: Vaishali Rameshbabu vs Bibisara Assaubayeva. Hints: Vaishali, Rameshbabu, Bibisara, Assaubayeva.
- goryachkina_lagno: Women: Aleksandra Goryachkina vs Kateryna Lagno. Hints: Goryachkina, Aleksandra, Lagno, Kateryna.
- zhu_tan: Women: Zhu Jiner vs Tan Zhongyi. Hints: Zhu, Jiner, Tan, Zhongyi.

Previous few lines, for continuity only:
[00:04:23 - 00:04:28] There's more stamina in a 35-year-old than maybe in a 20-year-old.

[00:04:28 - 00:04:31] I don't know if you disagree with that, but my feeling is people actually...

[00:04:31 - 00:04:35] Like, you build that muscle, you know what works for you,

[00:04:35 - 00:04:40] you know how to pace yourself for a tournament as long as it's as difficult as this.


Current 6 lines:
[00:04:40 - 00:04:46] So, yeah, in pure stamina terms, I'm actually picking the older guys.

[00:04:46 - 00:04:49] And you were the commentator of the World Cup.

[00:04:49 - 00:04:52] You got to witness the three qualifiers from the World Cup,


Task:
Decide whether these current lines explicitly switch away from the current active tag.

Very important rules:
- Usually answer STAY.
- Only switch to a game when the commentators clearly move to that CURRENT ROUND game, e.g. "let's look at Zhu Jiner's game", "on the Caruana-Nakamura board", "Fabi has played d4", "here is Divya against Anna".
- Use SWITCH_TO=uncertain ONLY when a board switch definitely happened, but the new board/game is not identifiable yet.
- Strong uncertain-switch clues include: "let us look at the remaining positions", "let's check the other boards", "let's go to another board", "let's look at this board", "on this board" immediately after leaving another game, or "around the hall".
- Do NOT use uncertain merely because the commentators are discussing general ideas, player psychology, clock pressure, old games, preparation, openings, or plans while still inside the same game. In those cases answer STAY.
- If people are talking between moves inside the current game and there is no explicit switch cue, answer STAY.
- While tag is uncertain, switch to a concrete game only after a player, pairing, board, or unmistakable current-game clue appears. Otherwise answer STAY.
- Do NOT switch merely because a player or opening is mentioned as history, comparison, preparation, or an old game. Example: if the active game is Giri-Sindarov and they mention "Pragg-Caruana last year", answer STAY.
- If the current tag is breakRelated, stay breakRelated until a clear return such as "welcome back", "we are back", or return to board commentary.
- Once stageSetting is over, stageSetting is not allowed.
- stageSetting ends only on clear liftoff/kickoff/first move/board shown/concrete current game clues.
- Breaks start on clear telegraphs like "quick break", "take a break", "we'll be back", "after the break".

Output exactly one line:
STAY
or
SWITCH_TO=<one allowed tag>

--- RESPONSE ---
SWITCH_TO=uncertain
--- END STEP ---
